Determining if the pthread_create exist failed with the following output:
Change Dir: /home/qb1005/catkin_ws/build/CMakeFiles/CMakeTmp

Run Build Command:"/usr/bin/make" "cmTC_46b33/fast"
/usr/bin/make -f CMakeFiles/cmTC_46b33.dir/build.make CMakeFiles/cmTC_46b33.dir/build
make[1]: Entering directory '/home/qb1005/catkin_ws/build/CMakeFiles/CMakeTmp'
Building C object CMakeFiles/cmTC_46b33.dir/CheckSymbolExists.c.o
/usr/bin/cc    -o CMakeFiles/cmTC_46b33.dir/CheckSymbolExists.c.o   -c /home/qb1005/catkin_ws/build/CMakeFiles/CMakeTmp/CheckSymbolExists.c
Linking C executable cmTC_46b33
/usr/bin/cmake -E cmake_link_script CMakeFiles/cmTC_46b33.dir/link.txt --verbose=1
/usr/bin/cc      -rdynamic CMakeFiles/cmTC_46b33.dir/CheckSymbolExists.c.o  -o cmTC_46b33 
CMakeFiles/cmTC_46b33.dir/CheckSymbolExists.c.o: In function `main':
CheckSymbolExists.c:(.text+0x1b): undefined reference to `pthread_create'
collect2: error: ld returned 1 exit status
CMakeFiles/cmTC_46b33.dir/build.make:97: recipe for target 'cmTC_46b33' failed
make[1]: *** [cmTC_46b33] Error 1
make[1]: Leaving directory '/home/qb1005/catkin_ws/build/CMakeFiles/CMakeTmp'
Makefile:126: recipe for target 'cmTC_46b33/fast' failed
make: *** [cmTC_46b33/fast] Error 2

File /home/qb1005/catkin_ws/build/CMakeFiles/CMakeTmp/CheckSymbolExists.c:
/* */
#include <pthread.h>

int main(int argc, char** argv)
{
  (void)argv;
#ifndef pthread_create
  return ((int*)(&pthread_create))[argc];
#else
  (void)argc;
  return 0;
#endif
}

Determining if the function pthread_create exists in the pthreads failed with the following output:
Change Dir: /home/qb1005/catkin_ws/build/CMakeFiles/CMakeTmp

Run Build Command:"/usr/bin/make" "cmTC_558cb/fast"
/usr/bin/make -f CMakeFiles/cmTC_558cb.dir/build.make CMakeFiles/cmTC_558cb.dir/build
make[1]: Entering directory '/home/qb1005/catkin_ws/build/CMakeFiles/CMakeTmp'
Building C object CMakeFiles/cmTC_558cb.dir/CheckFunctionExists.c.o
/usr/bin/cc   -DCHECK_FUNCTION_EXISTS=pthread_create   -o CMakeFiles/cmTC_558cb.dir/CheckFunctionExists.c.o   -c /usr/share/cmake-3.10/Modules/CheckFunctionExists.c
Linking C executable cmTC_558cb
/usr/bin/cmake -E cmake_link_script CMakeFiles/cmTC_558cb.dir/link.txt --verbose=1
/usr/bin/cc  -DCHECK_FUNCTION_EXISTS=pthread_create    -rdynamic CMakeFiles/cmTC_558cb.dir/CheckFunctionExists.c.o  -o cmTC_558cb -lpthreads 
/usr/bin/ld: cannot find -lpthreads
collect2: error: ld returned 1 exit status
CMakeFiles/cmTC_558cb.dir/build.make:97: recipe for target 'cmTC_558cb' failed
make[1]: *** [cmTC_558cb] Error 1
make[1]: Leaving directory '/home/qb1005/catkin_ws/build/CMakeFiles/CMakeTmp'
Makefile:126: recipe for target 'cmTC_558cb/fast' failed
make: *** [cmTC_558cb/fast] Error 2


Determining if the Q_WS_WIN exist failed with the following output:
Change Dir: /home/qb1005/catkin_ws/build/CMakeFiles/CMakeTmp

Run Build Command:"/usr/bin/make" "cmTC_19c36/fast"
/usr/bin/make -f CMakeFiles/cmTC_19c36.dir/build.make CMakeFiles/cmTC_19c36.dir/build
make[1]: Entering directory '/home/qb1005/catkin_ws/build/CMakeFiles/CMakeTmp'
Building CXX object CMakeFiles/cmTC_19c36.dir/CheckSymbolExists.cxx.o
/usr/bin/c++   -I/usr/include/qt4   -o CMakeFiles/cmTC_19c36.dir/CheckSymbolExists.cxx.o -c /home/qb1005/catkin_ws/build/CMakeFiles/CMakeTmp/CheckSymbolExists.cxx
/home/qb1005/catkin_ws/build/CMakeFiles/CMakeTmp/CheckSymbolExists.cxx: In function ‘int main(int, char**)’:
/home/qb1005/catkin_ws/build/CMakeFiles/CMakeTmp/CheckSymbolExists.cxx:8:19: error: ‘Q_WS_WIN’ was not declared in this scope
   return ((int*)(&Q_WS_WIN))[argc];
                   ^~~~~~~~
/home/qb1005/catkin_ws/build/CMakeFiles/CMakeTmp/CheckSymbolExists.cxx:8:19: note: suggested alternative: ‘Q_WS_X11’
   return ((int*)(&Q_WS_WIN))[argc];
                   ^~~~~~~~
                   Q_WS_X11
CMakeFiles/cmTC_19c36.dir/build.make:65: recipe for target 'CMakeFiles/cmTC_19c36.dir/CheckSymbolExists.cxx.o' failed
make[1]: *** [CMakeFiles/cmTC_19c36.dir/CheckSymbolExists.cxx.o] Error 1
make[1]: Leaving directory '/home/qb1005/catkin_ws/build/CMakeFiles/CMakeTmp'
Makefile:126: recipe for target 'cmTC_19c36/fast' failed
make: *** [cmTC_19c36/fast] Error 2

File /home/qb1005/catkin_ws/build/CMakeFiles/CMakeTmp/CheckSymbolExists.cxx:
/* */
#include <QtCore/qglobal.h>

int main(int argc, char** argv)
{
  (void)argv;
#ifndef Q_WS_WIN
  return ((int*)(&Q_WS_WIN))[argc];
#else
  (void)argc;
  return 0;
#endif
}

Determining if the Q_WS_QWS exist failed with the following output:
Change Dir: /home/qb1005/catkin_ws/build/CMakeFiles/CMakeTmp

Run Build Command:"/usr/bin/make" "cmTC_20b08/fast"
/usr/bin/make -f CMakeFiles/cmTC_20b08.dir/build.make CMakeFiles/cmTC_20b08.dir/build
make[1]: Entering directory '/home/qb1005/catkin_ws/build/CMakeFiles/CMakeTmp'
Building CXX object CMakeFiles/cmTC_20b08.dir/CheckSymbolExists.cxx.o
/usr/bin/c++   -I/usr/include/qt4   -o CMakeFiles/cmTC_20b08.dir/CheckSymbolExists.cxx.o -c /home/qb1005/catkin_ws/build/CMakeFiles/CMakeTmp/CheckSymbolExists.cxx
/home/qb1005/catkin_ws/build/CMakeFiles/CMakeTmp/CheckSymbolExists.cxx: In function ‘int main(int, char**)’:
/home/qb1005/catkin_ws/build/CMakeFiles/CMakeTmp/CheckSymbolExists.cxx:8:19: error: ‘Q_WS_QWS’ was not declared in this scope
   return ((int*)(&Q_WS_QWS))[argc];
                   ^~~~~~~~
/home/qb1005/catkin_ws/build/CMakeFiles/CMakeTmp/CheckSymbolExists.cxx:8:19: note: suggested alternative: ‘Q_WS_X11’
   return ((int*)(&Q_WS_QWS))[argc];
                   ^~~~~~~~
                   Q_WS_X11
CMakeFiles/cmTC_20b08.dir/build.make:65: recipe for target 'CMakeFiles/cmTC_20b08.dir/CheckSymbolExists.cxx.o' failed
make[1]: *** [CMakeFiles/cmTC_20b08.dir/CheckSymbolExists.cxx.o] Error 1
make[1]: Leaving directory '/home/qb1005/catkin_ws/build/CMakeFiles/CMakeTmp'
Makefile:126: recipe for target 'cmTC_20b08/fast' failed
make: *** [cmTC_20b08/fast] Error 2

File /home/qb1005/catkin_ws/build/CMakeFiles/CMakeTmp/CheckSymbolExists.cxx:
/* */
#include <QtCore/qglobal.h>

int main(int argc, char** argv)
{
  (void)argv;
#ifndef Q_WS_QWS
  return ((int*)(&Q_WS_QWS))[argc];
#else
  (void)argc;
  return 0;
#endif
}

Determining if the Q_WS_MAC exist failed with the following output:
Change Dir: /home/qb1005/catkin_ws/build/CMakeFiles/CMakeTmp

Run Build Command:"/usr/bin/make" "cmTC_05a0c/fast"
/usr/bin/make -f CMakeFiles/cmTC_05a0c.dir/build.make CMakeFiles/cmTC_05a0c.dir/build
make[1]: Entering directory '/home/qb1005/catkin_ws/build/CMakeFiles/CMakeTmp'
Building CXX object CMakeFiles/cmTC_05a0c.dir/CheckSymbolExists.cxx.o
/usr/bin/c++   -I/usr/include/qt4   -o CMakeFiles/cmTC_05a0c.dir/CheckSymbolExists.cxx.o -c /home/qb1005/catkin_ws/build/CMakeFiles/CMakeTmp/CheckSymbolExists.cxx
/home/qb1005/catkin_ws/build/CMakeFiles/CMakeTmp/CheckSymbolExists.cxx: In function ‘int main(int, char**)’:
/home/qb1005/catkin_ws/build/CMakeFiles/CMakeTmp/CheckSymbolExists.cxx:8:19: error: ‘Q_WS_MAC’ was not declared in this scope
   return ((int*)(&Q_WS_MAC))[argc];
                   ^~~~~~~~
/home/qb1005/catkin_ws/build/CMakeFiles/CMakeTmp/CheckSymbolExists.cxx:8:19: note: suggested alternative: ‘Q_WS_X11’
   return ((int*)(&Q_WS_MAC))[argc];
                   ^~~~~~~~
                   Q_WS_X11
CMakeFiles/cmTC_05a0c.dir/build.make:65: recipe for target 'CMakeFiles/cmTC_05a0c.dir/CheckSymbolExists.cxx.o' failed
make[1]: *** [CMakeFiles/cmTC_05a0c.dir/CheckSymbolExists.cxx.o] Error 1
make[1]: Leaving directory '/home/qb1005/catkin_ws/build/CMakeFiles/CMakeTmp'
Makefile:126: recipe for target 'cmTC_05a0c/fast' failed
make: *** [cmTC_05a0c/fast] Error 2

File /home/qb1005/catkin_ws/build/CMakeFiles/CMakeTmp/CheckSymbolExists.cxx:
/* */
#include <QtCore/qglobal.h>

int main(int argc, char** argv)
{
  (void)argv;
#ifndef Q_WS_MAC
  return ((int*)(&Q_WS_MAC))[argc];
#else
  (void)argc;
  return 0;
#endif
}

